app/build/intermediates/manifest_merge_blame_file/debug/processDebugMainManifest/manifest-merger-blame-debug-report.txt
1<?xml version="1.0" encoding="utf-8"?>
2<manifest xmlns:android="http://schemas.android.com/apk/res/android"
3    package="com.sstpvpn.android"
4    android:versionCode="1"
5    android:versionName="1.0" >
6
7    <uses-sdk
8        android:minSdkVersion="26"
9        android:targetSdkVersion="34" />
10
11    <uses-permission android:name="android.permission.INTERNET" />
11-->src/main/AndroidManifest.xml:3:5-67
11-->src/main/AndroidManifest.xml:3:22-64
12    <uses-permission android:name="android.permission.FOREGROUND_SERVICE" />
12-->src/main/AndroidManifest.xml:4:5-77
12-->src/main/AndroidManifest.xml:4:22-74
13    <uses-permission android:name="android.permission.RECEIVE_BOOT_COMPLETED" />
13-->src/main/AndroidManifest.xml:5:5-81
13-->src/main/AndroidManifest.xml:5:22-78
14    <uses-permission android:name="android.permission.QUERY_ALL_PACKAGES" />
14-->src/main/AndroidManifest.xml:6:5-165
14-->src/main/AndroidManifest.xml:6:22-74
15
16    <permission
16-->[androidx.core:core:1.13.1] AndroidManifest.xml:22:5-24:47
17        android:name="com.sstpvpn.android.DYNAMIC_RECEIVER_NOT_EXPORTED_PERMISSION"
17-->[androidx.core:core:1.13.1] AndroidManifest.xml:23:9-81
18        android:protectionLevel="signature" />
18-->[androidx.core:core:1.13.1] AndroidManifest.xml:24:9-44
19
20    <uses-permission android:name="com.sstpvpn.android.DYNAMIC_RECEIVER_NOT_EXPORTED_PERMISSION" />
20-->[androidx.core:core:1.13.1] AndroidManifest.xml:26:5-97
20-->[androidx.core:core:1.13.1] AndroidManifest.xml:26:22-94
21
22    <application
22-->src/main/AndroidManifest.xml:7:5-13:19
23        android:allowBackup="true"
23-->src/main/AndroidManifest.xml:7:18-44
24        android:appComponentFactory="androidx.core.app.CoreComponentFactory"
24-->[androidx.core:core:1.13.1] AndroidManifest.xml:28:18-86
25        android:debuggable="true"
26        android:extractNativeLibs="false"
27        android:icon="@mipmap/ic_launcher"
27-->src/main/AndroidManifest.xml:7:45-79
28        android:label="@string/app_name"
28-->src/main/AndroidManifest.xml:7:80-112
29        android:roundIcon="@mipmap/ic_launcher_round"
29-->src/main/AndroidManifest.xml:7:113-158
30        android:supportsRtl="true"
30-->src/main/AndroidManifest.xml:7:159-185
31        android:theme="@style/Theme.SstpVpn" >
31-->src/main/AndroidManifest.xml:7:186-222
32        <activity
32-->src/main/AndroidManifest.xml:8:9-229
33            android:name="com.sstpvpn.android.ui.MainActivity"
33-->src/main/AndroidManifest.xml:8:19-50
34            android:exported="true" >
34-->src/main/AndroidManifest.xml:8:51-74
35            <intent-filter>
35-->src/main/AndroidManifest.xml:8:75-218
36                <action android:name="android.intent.action.MAIN" />
36-->src/main/AndroidManifest.xml:8:90-142
36-->src/main/AndroidManifest.xml:8:98-139
37
38                <category android:name="android.intent.category.LAUNCHER" />
38-->src/main/AndroidManifest.xml:8:142-202
38-->src/main/AndroidManifest.xml:8:152-199
39            </intent-filter>
40        </activity>
41        <activity
41-->src/main/AndroidManifest.xml:9:9-130
42            android:name="com.sstpvpn.android.ui.ServerListActivity"
42-->src/main/AndroidManifest.xml:9:19-56
43            android:exported="false"
43-->src/main/AndroidManifest.xml:9:57-81
44            android:parentActivityName="com.sstpvpn.android.ui.MainActivity" />
44-->src/main/AndroidManifest.xml:9:82-127
45        <activity
45-->src/main/AndroidManifest.xml:10:9-139
46            android:name="com.sstpvpn.android.ui.AddEditServerActivity"
46-->src/main/AndroidManifest.xml:10:19-59
47            android:exported="false"
47-->src/main/AndroidManifest.xml:10:60-84
48            android:parentActivityName="com.sstpvpn.android.ui.ServerListActivity" />
48-->src/main/AndroidManifest.xml:10:85-136
49        <activity
49-->src/main/AndroidManifest.xml:11:9-131
50            android:name="com.sstpvpn.android.ui.AppSelectorActivity"
50-->src/main/AndroidManifest.xml:11:19-57
51            android:exported="false"
51-->src/main/AndroidManifest.xml:11:58-82
52            android:parentActivityName="com.sstpvpn.android.ui.MainActivity" />
52-->src/main/AndroidManifest.xml:11:83-128
53
54        <service
54-->src/main/AndroidManifest.xml:12:9-224
55            android:name="com.sstpvpn.android.vpn.SstpVpnService"
55-->src/main/AndroidManifest.xml:12:18-52
56            android:exported="false"
56-->src/main/AndroidManifest.xml:12:53-77
57            android:permission="android.permission.BIND_VPN_SERVICE" >
57-->src/main/AndroidManifest.xml:12:78-134
58            <intent-filter>
58-->src/main/AndroidManifest.xml:12:135-214
59                <action android:name="android.net.VpnService" />
59-->src/main/AndroidManifest.xml:12:150-198
59-->src/main/AndroidManifest.xml:12:158-195
60            </intent-filter>
61        </service>
62
63        <provider
63-->[androidx.emoji2:emoji2:1.3.0] AndroidManifest.xml:24:9-32:20
64            android:name="androidx.startup.InitializationProvider"
64-->[androidx.emoji2:emoji2:1.3.0] AndroidManifest.xml:25:13-67
65            android:authorities="com.sstpvpn.android.androidx-startup"
65-->[androidx.emoji2:emoji2:1.3.0] AndroidManifest.xml:26:13-68
66            android:exported="false" >
66-->[androidx.emoji2:emoji2:1.3.0] AndroidManifest.xml:27:13-37
67            <meta-data
67-->[androidx.emoji2:emoji2:1.3.0] AndroidManifest.xml:29:13-31:52
68                android:name="androidx.emoji2.text.EmojiCompatInitializer"
68-->[androidx.emoji2:emoji2:1.3.0] AndroidManifest.xml:30:17-75
69                android:value="androidx.startup" />
69-->[androidx.emoji2:emoji2:1.3.0] AndroidManifest.xml:31:17-49
70            <meta-data
70-->[androidx.lifecycle:lifecycle-process:2.8.2] AndroidManifest.xml:29:13-31:52
71                android:name="androidx.lifecycle.ProcessLifecycleInitializer"
71-->[androidx.lifecycle:lifecycle-process:2.8.2] AndroidManifest.xml:30:17-78
72                android:value="androidx.startup" />
72-->[androidx.lifecycle:lifecycle-process:2.8.2] AndroidManifest.xml:31:17-49
73            <meta-data
73-->[androidx.profileinstaller:profileinstaller:1.3.1] AndroidManifest.xml:29:13-31:52
74                android:name="androidx.profileinstaller.ProfileInstallerInitializer"
74-->[androidx.profileinstaller:profileinstaller:1.3.1] AndroidManifest.xml:30:17-85
75                android:value="androidx.startup" />
75-->[androidx.profileinstaller:profileinstaller:1.3.1] AndroidManifest.xml:31:17-49
76        </provider>
77
78        <receiver
78-->[androidx.profileinstaller:profileinstaller:1.3.1] AndroidManifest.xml:34:9-52:20
79            android:name="androidx.profileinstaller.ProfileInstallReceiver"
79-->[androidx.profileinstaller:profileinstaller:1.3.1] AndroidManifest.xml:35:13-76
80            android:directBootAware="false"
80-->[androidx.profileinstaller:profileinstaller:1.3.1] AndroidManifest.xml:36:13-44
81            android:enabled="true"
81-->[androidx.profileinstaller:profileinstaller:1.3.1] AndroidManifest.xml:37:13-35
82            android:exported="true"
82-->[androidx.profileinstaller:profileinstaller:1.3.1] AndroidManifest.xml:38:13-36
83            android:permission="android.permission.DUMP" >
83-->[androidx.profileinstaller:profileinstaller:1.3.1] AndroidManifest.xml:39:13-57
84            <intent-filter>
84-->[androidx.profileinstaller:profileinstaller:1.3.1] AndroidManifest.xml:40:13-42:29
85                <action android:name="androidx.profileinstaller.action.INSTALL_PROFILE" />
85-->[androidx.profileinstaller:profileinstaller:1.3.1] AndroidManifest.xml:41:17-91
85-->[androidx.profileinstaller:profileinstaller:1.3.1] AndroidManifest.xml:41:25-88
86            </intent-filter>
87            <intent-filter>
87-->[androidx.profileinstaller:profileinstaller:1.3.1] AndroidManifest.xml:43:13-45:29
88                <action android:name="androidx.profileinstaller.action.SKIP_FILE" />
88-->[androidx.profileinstaller:profileinstaller:1.3.1] AndroidManifest.xml:44:17-85
88-->[androidx.profileinstaller:profileinstaller:1.3.1] AndroidManifest.xml:44:25-82
89            </intent-filter>
90            <intent-filter>
90-->[androidx.profileinstaller:profileinstaller:1.3.1] AndroidManifest.xml:46:13-48:29
91                <action android:name="androidx.profileinstaller.action.SAVE_PROFILE" />
91-->[androidx.profileinstaller:profileinstaller:1.3.1] AndroidManifest.xml:47:17-88
91-->[androidx.profileinstaller:profileinstaller:1.3.1] AndroidManifest.xml:47:25-85
92            </intent-filter>
93            <intent-filter>
93-->[androidx.profileinstaller:profileinstaller:1.3.1] AndroidManifest.xml:49:13-51:29
94                <action android:name="androidx.profileinstaller.action.BENCHMARK_OPERATION" />
94-->[androidx.profileinstaller:profileinstaller:1.3.1] AndroidManifest.xml:50:17-95
94-->[androidx.profileinstaller:profileinstaller:1.3.1] AndroidManifest.xml:50:25-92
95            </intent-filter>
96        </receiver>
97    </application>
98
99</manifest>